<?xml version="1.0" encoding="UTF-8"?>
<!-- Generated by org.testng.reporters.JUnitReportReporter -->
<testsuite hostname="ATHII" failures="0" tests="1" name="com.build.testNG.automate.testNGAutomate.TestNG" time="0.003" errors="0" timestamp="2024-04-14T03:35:02 IST" skipped="0">
  <testcase classname="com.build.testNG.automate.testNGAutomate.TestNG" name="Class1" time="0.003"/>
</testsuite> <!-- com.build.testNG.automate.testNGAutomate.TestNG -->
